{"/vagrant/quiz-stat-visualizer/src/App.js": {"path":"/vagrant/quiz-stat-visualizer/src/App.js","statementMap":{"0":{"start":{"line":9,"column":4},"end":{"line":9,"column":16}},"1":{"start":{"line":10,"column":4},"end":{"line":12,"column":6}},"2":{"start":{"line":16,"column":4},"end":{"line":30,"column":6}},"3":{"start":{"line":18,"column":6},"end":{"line":18,"column":33}},"4":{"start":{"line":21,"column":24},"end":{"line":21,"column":35}},"5":{"start":{"line":22,"column":6},"end":{"line":26,"column":7}},"6":{"start":{"line":22,"column":19},"end":{"line":22,"column":20}},"7":{"start":{"line":23,"column":23},"end":{"line":23,"column":57}},"8":{"start":{"line":24,"column":19},"end":{"line":24,"column":100}},"9":{"start":{"line":25,"column":8},"end":{"line":25,"column":31}},"10":{"start":{"line":28,"column":6},"end":{"line":28,"column":42}},"11":{"start":{"line":33,"column":4},"end":{"line":42,"column":5}},"12":{"start":{"line":38,"column":16},"end":{"line":38,"column":49}}},"fnMap":{"0":{"name":"(anonymous_0)","decl":{"start":{"line":8,"column":2},"end":{"line":8,"column":3}},"loc":{"start":{"line":8,"column":21},"end":{"line":13,"column":3}},"line":8},"1":{"name":"(anonymous_1)","decl":{"start":{"line":15,"column":2},"end":{"line":15,"column":3}},"loc":{"start":{"line":15,"column":22},"end":{"line":31,"column":3}},"line":15},"2":{"name":"(anonymous_2)","decl":{"start":{"line":17,"column":10},"end":{"line":17,"column":11}},"loc":{"start":{"line":17,"column":17},"end":{"line":19,"column":5}},"line":17},"3":{"name":"(anonymous_3)","decl":{"start":{"line":20,"column":10},"end":{"line":20,"column":11}},"loc":{"start":{"line":20,"column":24},"end":{"line":29,"column":7}},"line":20},"4":{"name":"(anonymous_4)","decl":{"start":{"line":32,"column":2},"end":{"line":32,"column":3}},"loc":{"start":{"line":32,"column":11},"end":{"line":43,"column":3}},"line":32},"5":{"name":"(anonymous_5)","decl":{"start":{"line":36,"column":32},"end":{"line":36,"column":33}},"loc":{"start":{"line":38,"column":16},"end":{"line":38,"column":49}},"line":38}},"branchMap":{},"s":{"0":0,"1":0,"2":0,"3":0,"4":0,"5":0,"6":0,"7":0,"8":0,"9":0,"10":0,"11":0,"12":0},"f":{"0":0,"1":0,"2":0,"3":0,"4":0,"5":0},"b":{},"_coverageSchema":"1a1c01bbd47fc00a2c39e90264f33305004495a9","hash":"ff58fb1f1a77b19d1a728b6e3878f5f95c4880fa"}
,"/vagrant/quiz-stat-visualizer/src/sum.js": {"path":"/vagrant/quiz-stat-visualizer/src/sum.js","statementMap":{"0":{"start":{"line":2,"column":4},"end":{"line":2,"column":17}},"1":{"start":{"line":4,"column":2},"end":{"line":4,"column":23}}},"fnMap":{"0":{"name":"sum","decl":{"start":{"line":1,"column":9},"end":{"line":1,"column":12}},"loc":{"start":{"line":1,"column":19},"end":{"line":3,"column":3}},"line":1}},"branchMap":{},"s":{"0":1,"1":1},"f":{"0":1},"b":{},"_coverageSchema":"1a1c01bbd47fc00a2c39e90264f33305004495a9","hash":"09027a65de9002259e208dfad361cbe7b9d60bd9"}
,"/vagrant/quiz-stat-visualizer/src/components/TeamView.js": {"path":"/vagrant/quiz-stat-visualizer/src/components/TeamView.js","statementMap":{"0":{"start":{"line":5,"column":4},"end":{"line":12,"column":6}}},"fnMap":{"0":{"name":"TeamView","decl":{"start":{"line":4,"column":9},"end":{"line":4,"column":17}},"loc":{"start":{"line":4,"column":25},"end":{"line":14,"column":1}},"line":4}},"branchMap":{},"s":{"0":0},"f":{"0":0},"b":{},"_coverageSchema":"1a1c01bbd47fc00a2c39e90264f33305004495a9","hash":"6ecc4739994904eb9ab6fda34436df53b8a4079c"}
,"/vagrant/quiz-stat-visualizer/src/resources/1-2.season.csv": {"path":"/vagrant/quiz-stat-visualizer/src/resources/1-2.season.csv","statementMap":{"0":{"start":{"line":1,"column":0},"end":{"line":1,"column":7551}}},"fnMap":{},"branchMap":{},"s":{"0":1},"f":{},"b":{},"inputSourceMap":null,"_coverageSchema":"1a1c01bbd47fc00a2c39e90264f33305004495a9","hash":"e6283c24b5d2afd384645996222c1f6f550503d8"}
,"/vagrant/quiz-stat-visualizer/src/scripts/readData.js": {"path":"/vagrant/quiz-stat-visualizer/src/scripts/readData.js","statementMap":{"0":{"start":{"line":1,"column":18},"end":{"line":1,"column":38}},"1":{"start":{"line":5,"column":8},"end":{"line":5,"column":27}},"2":{"start":{"line":6,"column":8},"end":{"line":6,"column":25}},"3":{"start":{"line":7,"column":8},"end":{"line":7,"column":37}},"4":{"start":{"line":8,"column":8},"end":{"line":8,"column":37}},"5":{"start":{"line":9,"column":8},"end":{"line":9,"column":34}},"6":{"start":{"line":10,"column":8},"end":{"line":10,"column":57}},"7":{"start":{"line":13,"column":8},"end":{"line":17,"column":9}},"8":{"start":{"line":13,"column":21},"end":{"line":13,"column":22}},"9":{"start":{"line":14,"column":12},"end":{"line":16,"column":13}},"10":{"start":{"line":15,"column":16},"end":{"line":15,"column":41}},"11":{"start":{"line":20,"column":21},"end":{"line":20,"column":23}},"12":{"start":{"line":21,"column":8},"end":{"line":28,"column":9}},"13":{"start":{"line":21,"column":21},"end":{"line":21,"column":22}},"14":{"start":{"line":22,"column":10},"end":{"line":22,"column":38}},"15":{"start":{"line":23,"column":10},"end":{"line":27,"column":11}},"16":{"start":{"line":24,"column":12},"end":{"line":24,"column":26}},"17":{"start":{"line":26,"column":12},"end":{"line":26,"column":27}},"18":{"start":{"line":29,"column":8},"end":{"line":29,"column":22}},"19":{"start":{"line":34,"column":2},"end":{"line":40,"column":4}},"20":{"start":{"line":35,"column":6},"end":{"line":39,"column":8}},"21":{"start":{"line":37,"column":14},"end":{"line":37,"column":38}},"22":{"start":{"line":45,"column":13},"end":{"line":50,"column":3}},"23":{"start":{"line":51,"column":2},"end":{"line":51,"column":14}}},"fnMap":{"0":{"name":"(anonymous_0)","decl":{"start":{"line":4,"column":4},"end":{"line":4,"column":5}},"loc":{"start":{"line":4,"column":53},"end":{"line":11,"column":5}},"line":4},"1":{"name":"(anonymous_1)","decl":{"start":{"line":12,"column":4},"end":{"line":12,"column":5}},"loc":{"start":{"line":12,"column":25},"end":{"line":18,"column":5}},"line":12},"2":{"name":"(anonymous_2)","decl":{"start":{"line":19,"column":4},"end":{"line":19,"column":5}},"loc":{"start":{"line":19,"column":23},"end":{"line":30,"column":5}},"line":19},"3":{"name":"parseData","decl":{"start":{"line":33,"column":15},"end":{"line":33,"column":24}},"loc":{"start":{"line":33,"column":32},"end":{"line":41,"column":1}},"line":33},"4":{"name":"(anonymous_4)","decl":{"start":{"line":34,"column":21},"end":{"line":34,"column":22}},"loc":{"start":{"line":34,"column":42},"end":{"line":40,"column":3}},"line":34},"5":{"name":"(anonymous_5)","decl":{"start":{"line":36,"column":20},"end":{"line":36,"column":21}},"loc":{"start":{"line":36,"column":38},"end":{"line":38,"column":11}},"line":36},"6":{"name":"getTeamResults","decl":{"start":{"line":44,"column":9},"end":{"line":44,"column":23}},"loc":{"start":{"line":44,"column":34},"end":{"line":52,"column":1}},"line":44}},"branchMap":{"0":{"loc":{"start":{"line":14,"column":12},"end":{"line":16,"column":13}},"type":"if","locations":[{"start":{"line":14,"column":12},"end":{"line":16,"column":13}},{"start":{"line":14,"column":12},"end":{"line":16,"column":13}}],"line":14},"1":{"loc":{"start":{"line":23,"column":10},"end":{"line":27,"column":11}},"type":"if","locations":[{"start":{"line":23,"column":10},"end":{"line":27,"column":11}},{"start":{"line":23,"column":10},"end":{"line":27,"column":11}}],"line":23}},"s":{"0":1,"1":0,"2":0,"3":0,"4":0,"5":0,"6":0,"7":0,"8":0,"9":0,"10":0,"11":0,"12":0,"13":0,"14":0,"15":0,"16":0,"17":0,"18":0,"19":0,"20":0,"21":0,"22":0,"23":0},"f":{"0":0,"1":0,"2":0,"3":0,"4":0,"5":0,"6":0},"b":{"0":[0,0],"1":[0,0]},"_coverageSchema":"1a1c01bbd47fc00a2c39e90264f33305004495a9","hash":"0b399d2ad6b5f4670b5842b6c8adc5878929bb3a"}
,"/vagrant/quiz-stat-visualizer/src/subcomponents/LineChart.js": {"path":"/vagrant/quiz-stat-visualizer/src/subcomponents/LineChart.js","statementMap":{"0":{"start":{"line":6,"column":4},"end":{"line":6,"column":17}},"1":{"start":{"line":7,"column":4},"end":{"line":7,"column":35}},"2":{"start":{"line":11,"column":4},"end":{"line":11,"column":44}},"3":{"start":{"line":12,"column":18},"end":{"line":32,"column":6}},"4":{"start":{"line":37,"column":4},"end":{"line":50,"column":6}},"5":{"start":{"line":56,"column":17},"end":{"line":56,"column":19}},"6":{"start":{"line":57,"column":4},"end":{"line":59,"column":5}},"7":{"start":{"line":57,"column":17},"end":{"line":57,"column":18}},"8":{"start":{"line":58,"column":8},"end":{"line":58,"column":34}},"9":{"start":{"line":60,"column":4},"end":{"line":60,"column":18}}},"fnMap":{"0":{"name":"(anonymous_0)","decl":{"start":{"line":5,"column":2},"end":{"line":5,"column":3}},"loc":{"start":{"line":5,"column":21},"end":{"line":8,"column":3}},"line":5},"1":{"name":"(anonymous_1)","decl":{"start":{"line":9,"column":2},"end":{"line":9,"column":3}},"loc":{"start":{"line":9,"column":22},"end":{"line":33,"column":3}},"line":9},"2":{"name":"(anonymous_2)","decl":{"start":{"line":36,"column":2},"end":{"line":36,"column":3}},"loc":{"start":{"line":36,"column":11},"end":{"line":52,"column":3}},"line":36},"3":{"name":"calculateLabels","decl":{"start":{"line":55,"column":9},"end":{"line":55,"column":24}},"loc":{"start":{"line":55,"column":33},"end":{"line":61,"column":1}},"line":55}},"branchMap":{},"s":{"0":0,"1":0,"2":0,"3":0,"4":0,"5":0,"6":0,"7":0,"8":0,"9":0},"f":{"0":0,"1":0,"2":0,"3":0},"b":{},"_coverageSchema":"1a1c01bbd47fc00a2c39e90264f33305004495a9","hash":"1313853735a7973a0feb1e7cd2b882af4bffa49a"}
}
